Сборка начата 25.11.2024 20:46:03.
Уровень детализации журнала: Normal.     1>Проект "C:\Users\stude\OneDrive\Рабочий стол\Labs\labs\Labs 3 sem\KPO\Asm1\Asm1.vcxproj" в узле 2 (целевые объекты Build).
     1>PrepareForBuild:
         Структурированный вывод включен. Форматирование диагностики компилятора будет отражать иерархию ошибок. Подробнее см. https://aka.ms/cpp/structured-output.
         Создание каталога "C:\Users\stude\OneDrive\Рабочий стол\Labs\labs\Labs 3 sem\KPO\Asm1\x64\Debug\".
         Создание каталога "Asm1\x64\Debug\Asm1.tlog\".
       InitializeBuildStatus:
         Создание "Asm1\x64\Debug\Asm1.tlog\unsuccessfulbuild", так как было задано "AlwaysCreate".
         Обращение к "Asm1\x64\Debug\Asm1.tlog\unsuccessfulbuild".
       _MASM:
         Assembling AsmTest.asm...
         cmd.exe /C "C:\Users\stude\AppData\Local\Temp\tmpaeec5715118446dd93334a74015073d5.cmd"
         ml64.exe /c /nologo /Zi /Fo"Asm1\x64\Debug\AsmTest.obj" /Fl"$IntDir" /W3 /errorReport:prompt  /TaAsmTest.asm
     1>AsmTest.asm(1): error A2008: syntax error : .
     1>AsmTest.asm(7): error A2008: syntax error : .
     1>AsmTest.asm(15): error A2008: syntax error : HW
     1>AsmTest.asm(22): error A2070: invalid instruction operands
     1>AsmTest.asm(23): error A2070: invalid instruction operands
     1>AsmTest.asm(31): error A2008: syntax error : main
     1>AsmTest.asm(31): error A2088: END directive required at end of file
     1>AsmTest.asm(24): error A2006: undefined symbol : HW
     1>C:\Program Files\Microsoft Visual Studio\2022\Community\MSBuild\Microsoft\VC\v170\BuildCustomizations\masm.targets(70,5): error MSB3721: выход из команды "ml64.exe /c /nologo /Zi /Fo"Asm1\x64\Debug\AsmTest.obj" /Fl"$IntDir" /W3 /errorReport:prompt  /TaAsmTest.asm" с кодом "1".
     1>Сборка проекта "C:\Users\stude\OneDrive\Рабочий стол\Labs\labs\Labs 3 sem\KPO\Asm1\Asm1.vcxproj" завершена (целевые объекты Build) с ошибкой.

Ошибка сборки.

       "C:\Users\stude\OneDrive\Рабочий стол\Labs\labs\Labs 3 sem\KPO\Asm1\Asm1.vcxproj" (целевой объект Build ) (1) ->
       (Целевой объект _MASM) -> 
         AsmTest.asm(1): error A2008: syntax error : .
         AsmTest.asm(7): error A2008: syntax error : .
         AsmTest.asm(15): error A2008: syntax error : HW
         AsmTest.asm(22): error A2070: invalid instruction operands
         AsmTest.asm(23): error A2070: invalid instruction operands
         AsmTest.asm(31): error A2008: syntax error : main
         AsmTest.asm(31): error A2088: END directive required at end of file
         AsmTest.asm(24): error A2006: undefined symbol : HW
         C:\Program Files\Microsoft Visual Studio\2022\Community\MSBuild\Microsoft\VC\v170\BuildCustomizations\masm.targets(70,5): error MSB3721: выход из команды "ml64.exe /c /nologo /Zi /Fo"Asm1\x64\Debug\AsmTest.obj" /Fl"$IntDir" /W3 /errorReport:prompt  /TaAsmTest.asm" с кодом "1".

    Предупреждений: 0
    Ошибок: 9

Прошло времени 00:00:00.49
